0 info it worked if it ends with ok
1 verbose cli [ '/Users/tom.pearson/.nvm/versions/v5.4.1/bin/node',
1 verbose cli   '/Users/tom.pearson/.nvm/versions/v5.4.1/bin/npm',
1 verbose cli   'run',
1 verbose cli   'test' ]
2 info using npm@3.3.12
3 info using node@v5.4.1
4 verbose run-script [ 'pretest', 'test', 'posttest' ]
5 info lifecycle d3-iconarray@0.0.1~pretest: d3-iconarray@0.0.1
6 verbose lifecycle d3-iconarray@0.0.1~pretest: unsafe-perm in lifecycle true
7 verbose lifecycle d3-iconarray@0.0.1~pretest: PATH: /Users/tom.pearson/.nvm/versions/v5.4.1/lib/node_modules/npm/bin/node-gyp-bin:/Users/tom.pearson/Sites/d3-icon-array/node_modules/.bin:/Users/tom.pearson/anaconda/bin:/Users/tom.pearson/.nvm/versions/v5.4.1/bin:~/bin:/usr/local/heroku/bin:/opt/local/bin:/opt/local/sbin:/usr/local/bin:/usr/bin:/bin:/usr/sbin:/sbin:/opt/X11/bin:/Applications/Postgres.app/Contents/Versions/9.4/bin:/Users/tom.pearson/.nvm/v0.11.15/lib/node_modules/gulp
8 verbose lifecycle d3-iconarray@0.0.1~pretest: CWD: /Users/tom.pearson/Sites/d3-icon-array
9 silly lifecycle d3-iconarray@0.0.1~pretest: Args: [ '-c',
9 silly lifecycle   'mkdir -p build && node -e \'process.stdout.write("var version = \\"" + require("./package.json").version + "\\"; export * from \\"../index\\"; export {version};");\' > build/bundle.js && rollup -f umd -n d3_iconarray -o build/d3-iconarray.js -- build/bundle.js' ]
10 silly lifecycle d3-iconarray@0.0.1~pretest: Returned: code: 0  signal: null
11 info lifecycle d3-iconarray@0.0.1~test: d3-iconarray@0.0.1
12 verbose lifecycle d3-iconarray@0.0.1~test: unsafe-perm in lifecycle true
13 verbose lifecycle d3-iconarray@0.0.1~test: PATH: /Users/tom.pearson/.nvm/versions/v5.4.1/lib/node_modules/npm/bin/node-gyp-bin:/Users/tom.pearson/Sites/d3-icon-array/node_modules/.bin:/Users/tom.pearson/anaconda/bin:/Users/tom.pearson/.nvm/versions/v5.4.1/bin:~/bin:/usr/local/heroku/bin:/opt/local/bin:/opt/local/sbin:/usr/local/bin:/usr/bin:/bin:/usr/sbin:/sbin:/opt/X11/bin:/Applications/Postgres.app/Contents/Versions/9.4/bin:/Users/tom.pearson/.nvm/v0.11.15/lib/node_modules/gulp
14 verbose lifecycle d3-iconarray@0.0.1~test: CWD: /Users/tom.pearson/Sites/d3-icon-array
15 silly lifecycle d3-iconarray@0.0.1~test: Args: [ '-c', 'faucet `find test -name \'*-test.js\'`' ]
16 silly lifecycle d3-iconarray@0.0.1~test: Returned: code: 1  signal: null
17 info lifecycle d3-iconarray@0.0.1~test: Failed to exec test script
18 verbose stack Error: d3-iconarray@0.0.1 test: `faucet `find test -name '*-test.js'``
18 verbose stack Exit status 1
18 verbose stack     at EventEmitter.<anonymous> (/Users/tom.pearson/.nvm/versions/v5.4.1/lib/node_modules/npm/lib/utils/lifecycle.js:232:16)
18 verbose stack     at emitTwo (events.js:87:13)
18 verbose stack     at EventEmitter.emit (events.js:172:7)
18 verbose stack     at ChildProcess.<anonymous> (/Users/tom.pearson/.nvm/versions/v5.4.1/lib/node_modules/npm/lib/utils/spawn.js:24:14)
18 verbose stack     at emitTwo (events.js:87:13)
18 verbose stack     at ChildProcess.emit (events.js:172:7)
18 verbose stack     at maybeClose (internal/child_process.js:821:16)
18 verbose stack     at Process.ChildProcess._handle.onexit (internal/child_process.js:211:5)
19 verbose pkgid d3-iconarray@0.0.1
20 verbose cwd /Users/tom.pearson/Sites/d3-icon-array
21 error Darwin 15.3.0
22 error argv "/Users/tom.pearson/.nvm/versions/v5.4.1/bin/node" "/Users/tom.pearson/.nvm/versions/v5.4.1/bin/npm" "run" "test"
23 error node v5.4.1
24 error npm  v3.3.12
25 error code ELIFECYCLE
26 error d3-iconarray@0.0.1 test: `faucet `find test -name '*-test.js'``
26 error Exit status 1
27 error Failed at the d3-iconarray@0.0.1 test script 'faucet `find test -name '*-test.js'`'.
27 error Make sure you have the latest version of node.js and npm installed.
27 error If you do, this is most likely a problem with the d3-iconarray package,
27 error not with npm itself.
27 error Tell the author that this fails on your system:
27 error     faucet `find test -name '*-test.js'`
27 error You can get their info via:
27 error     npm owner ls d3-iconarray
27 error There is likely additional logging output above.
28 verbose exit [ 1, true ]
